# JRE version: OpenJDK Runtime Environment Temurin-17.0.9+9 (17.0.9+9) (build 17.0.9+9)
# Java VM: OpenJDK 64-Bit Server VM Temurin-17.0.9+9 (17.0.9+9, mixed mode, emulated-client, tiered, compressed oops, compressed class ptrs, g1 gc, windows-amd64)
GC Precious Log:
 CPUs: 12 total, 12 available
 Memory: 16333M
 Large Page Support: Disabled
 NUMA Support: Disabled
 Compressed Oops: Enabled (32-bit)
 Heap Region Size: 1M
 Heap Min Capacity: 8M
 Heap Initial Capacity: 256M
 Heap Max Capacity: 1G
 Pre-touch: Disabled
 Parallel Workers: 10
 Concurrent Workers: 3
 Concurrent Refinement Workers: 10
 Periodic GC: Disabled
Heap:
 garbage-first heap   total 86016K, used 34323K [0x00000000c0000000, 0x0000000100000000)
  region size 1024K, 1 young (1024K), 0 survivors (0K)
 Metaspace       used 57425K, committed 58176K, reserved 1114112K
  class space    used 7082K, committed 7360K, reserved 1048576K
GC Heap History (20 events):
Event: 1.284 GC heap after
{Heap after GC invocations=5 (full 0):
 garbage-first heap   total 71680K, used 21868K [0x00000000c0000000, 0x0000000100000000)
  region size 1024K, 8 young (8192K), 8 survivors (8192K)
 Metaspace       used 27712K, committed 28032K, reserved 1114112K
  class space    used 3447K, committed 3584K, reserved 1048576K
}
Event: 1.626 GC heap before
{Heap before GC invocations=5 (full 0):
 garbage-first heap   total 71680K, used 46444K [0x00000000c0000000, 0x0000000100000000)
  region size 1024K, 33 young (33792K), 8 survivors (8192K)
 Metaspace       used 31906K, committed 32256K, reserved 1114112K
  class space    used 4055K, committed 4224K, reserved 1048576K
}
Event: 1.633 GC heap after
{Heap after GC invocations=6 (full 0):
 garbage-first heap   total 71680K, used 23389K [0x00000000c0000000, 0x0000000100000000)
  region size 1024K, 2 young (2048K), 2 survivors (2048K)
 Metaspace       used 31906K, committed 32256K, reserved 1114112K
  class space    used 4055K, committed 4224K, reserved 1048576K
}
Event: 1.913 GC heap before
{Heap before GC invocations=6 (full 0):
 garbage-first heap   total 71680K, used 47965K [0x00000000c0000000, 0x0000000100000000)
  region size 1024K, 27 young (27648K), 2 survivors (2048K)
 Metaspace       used 35609K, committed 36032K, reserved 1114112K
  class space    used 4583K, committed 4800K, reserved 1048576K
}
Event: 1.918 GC heap after
{Heap after GC invocations=7 (full 0):
 garbage-first heap   total 71680K, used 26247K [0x00000000c0000000, 0x0000000100000000)
  region size 1024K, 4 young (4096K), 4 survivors (4096K)
 Metaspace       used 35609K, committed 36032K, reserved 1114112K
  class space    used 4583K, committed 4800K, reserved 1048576K
}
Event: 1.923 GC heap before
{Heap before GC invocations=7 (full 0):
 garbage-first heap   total 71680K, used 26247K [0x00000000c0000000, 0x0000000100000000)
  region size 1024K, 5 young (5120K), 4 survivors (4096K)
 Metaspace       used 35703K, committed 36096K, reserved 1114112K
  class space    used 4601K, committed 4800K, reserved 1048576K
}
Event: 1.927 GC heap after
{Heap after GC invocations=8 (full 0):
 garbage-first heap   total 86016K, used 27140K [0x00000000c0000000, 0x0000000100000000)
  region size 1024K, 1 young (1024K), 1 survivors (1024K)
 Metaspace       used 35703K, committed 36096K, reserved 1114112K
  class space    used 4601K, committed 4800K, reserved 1048576K
}
Event: 2.288 GC heap before
{Heap before GC invocations=9 (full 0):
 garbage-first heap   total 86016K, used 60932K [0x00000000c0000000, 0x0000000100000000)
  region size 1024K, 35 young (35840K), 1 survivors (1024K)
 Metaspace       used 41098K, committed 41536K, reserved 1114112K
  class space    used 5311K, committed 5504K, reserved 1048576K
}
Event: 2.289 GC heap after
{Heap after GC invocations=10 (full 0):
 garbage-first heap   total 86016K, used 30259K [0x00000000c0000000, 0x0000000100000000)
  region size 1024K, 4 young (4096K), 4 survivors (4096K)
 Metaspace       used 41098K, committed 41536K, reserved 1114112K
  class space    used 5311K, committed 5504K, reserved 1048576K
}
Event: 2.528 GC heap before
{Heap before GC invocations=10 (full 0):
 garbage-first heap   total 86016K, used 62003K [0x00000000c0000000, 0x0000000100000000)
  region size 1024K, 35 young (35840K), 4 survivors (4096K)
 Metaspace       used 45631K, committed 46080K, reserved 1114112K
  class space    used 5758K, committed 5952K, reserved 1048576K
}
Event: 2.530 GC heap after
{Heap after GC invocations=11 (full 0):
 garbage-first heap   total 86016K, used 35697K [0x00000000c0000000, 0x0000000100000000)
  region size 1024K, 5 young (5120K), 5 survivors (5120K)
 Metaspace       used 45631K, committed 46080K, reserved 1114112K
  class space    used 5758K, committed 5952K, reserved 1048576K
}
Event: 2.773 GC heap before
{Heap before GC invocations=11 (full 0):
 garbage-first heap   total 86016K, used 63345K [0x00000000c0000000, 0x0000000100000000)
  region size 1024K, 32 young (32768K), 5 survivors (5120K)
 Metaspace       used 50838K, committed 51328K, reserved 1114112K
  class space    used 6271K, committed 6464K, reserved 1048576K
}
Event: 2.774 GC heap after
{Heap after GC invocations=12 (full 0):
 garbage-first heap   total 86016K, used 37187K [0x00000000c0000000, 0x0000000100000000)
  region size 1024K, 2 young (2048K), 2 survivors (2048K)
 Metaspace       used 50838K, committed 51328K, reserved 1114112K
  class space    used 6271K, committed 6464K, reserved 1048576K
}
Event: 46.527 GC heap before
{Heap before GC invocations=12 (full 0):
 garbage-first heap   total 86016K, used 63811K [0x00000000c0000000, 0x0000000100000000)
  region size 1024K, 29 young (29696K), 2 survivors (2048K)
 Metaspace       used 56925K, committed 57408K, reserved 1114112K
  class space    used 7057K, committed 7296K, reserved 1048576K
}
Event: 46.530 GC heap after
{Heap after GC invocations=13 (full 0):
 garbage-first heap   total 86016K, used 39687K [0x00000000c0000000, 0x0000000100000000)
  region size 1024K, 4 young (4096K), 4 survivors (4096K)
 Metaspace       used 56925K, committed 57408K, reserved 1114112K
  class space    used 7057K, committed 7296K, reserved 1048576K
}
Event: 82.055 GC heap before
{Heap before GC invocations=13 (full 0):
 garbage-first heap   total 86016K, used 50951K [0x00000000c0000000, 0x0000000100000000)
  region size 1024K, 17 young (17408K), 4 survivors (4096K)
 Metaspace       used 57634K, committed 58176K, reserved 1114112K
  class space    used 7130K, committed 7360K, reserved 1048576K
}
Event: 82.074 GC heap after
{Heap after GC invocations=14 (full 1):
 garbage-first heap   total 86016K, used 36745K [0x00000000c0000000, 0x0000000100000000)
  region size 1024K, 0 young (0K), 0 survivors (0K)
 Metaspace       used 57563K, committed 58176K, reserved 1114112K
  class space    used 7112K, committed 7360K, reserved 1048576K
}
Event: 92.165 GC heap before
{Heap before GC invocations=14 (full 1):
 garbage-first heap   total 86016K, used 36745K [0x00000000c0000000, 0x0000000100000000)
  region size 1024K, 1 young (1024K), 0 survivors (0K)
 Metaspace       used 57563K, committed 58176K, reserved 1114112K
  class space    used 7112K, committed 7360K, reserved 1048576K
}
Event: 92.182 GC heap after
{Heap after GC invocations=15 (full 2):
 garbage-first heap   total 86016K, used 34268K [0x00000000c0000000, 0x0000000100000000)
  region size 1024K, 0 young (0K), 0 survivors (0K)
 Metaspace       used 57425K, committed 58176K, reserved 1114112K
  class space    used 7082K, committed 7360K, reserved 1048576K
}
Event: 102.273 GC heap before
{Heap before GC invocations=15 (full 2):
 garbage-first heap   total 86016K, used 34268K [0x00000000c0000000, 0x0000000100000000)
  region size 1024K, 1 young (1024K), 0 survivors (0K)
 Metaspace       used 57425K, committed 58176K, reserved 1114112K
  class space    used 7082K, committed 7360K, reserved 1048576K
}

